[2025-04-08 21:46:02] INFO in routes: get_results request completed for job_79
[2025-04-08 21:46:02] INFO in routes: state_mean_by_category request received with question Percent of adults who engage in no leisure-time physical activity for state Michigan
[2025-04-08 21:46:02] INFO in routes: state_mean_by_category request sent to task queue for job_80
[2025-04-08 21:46:02] INFO in routes: get_results request received by server
[2025-04-08 21:46:02] INFO in routes: get_results request completed for job_80
[2025-04-08 21:46:02] INFO in routes: state_mean_by_category request received with question Percent of adults who achieve at least 300 minutes a week of moderate-intensity aerobic physical activity or 150 minutes a week of vigorous-intensity aerobic activity (or an equivalent combination) for state West Virginia
[2025-04-08 21:46:02] INFO in routes: state_mean_by_category request sent to task queue for job_81
[2025-04-08 21:46:02] INFO in routes: get_results request received by server
[2025-04-08 21:46:02] INFO in routes: get_results request completed for job_81
[2025-04-08 21:46:02] INFO in routes: state_mean_by_category request received with question Percent of adults who achieve at least 150 minutes a week of moderate-intensity aerobic physical activity or 75 minutes a week of vigorous-intensity aerobic activity (or an equivalent combination) for state Maryland
[2025-04-08 21:46:02] INFO in routes: state_mean_by_category request sent to task queue for job_82
[2025-04-08 21:46:02] INFO in routes: get_results request received by server
[2025-04-08 21:46:02] INFO in routes: get_results request completed for job_82
[2025-04-08 21:46:02] INFO in routes: state_mean_by_category request received with question Percent of adults who achieve at least 300 minutes a week of moderate-intensity aerobic physical activity or 150 minutes a week of vigorous-intensity aerobic activity (or an equivalent combination) for state Indiana
[2025-04-08 21:46:02] INFO in routes: state_mean_by_category request sent to task queue for job_83
[2025-04-08 21:46:02] INFO in routes: get_results request received by server
[2025-04-08 21:46:02] INFO in routes: get_results request completed for job_83
[2025-04-08 21:46:02] INFO in routes: state_mean_by_category request received with question Percent of adults who engage in no leisure-time physical activity for state West Virginia
[2025-04-08 21:46:02] INFO in routes: state_mean_by_category request sent to task queue for job_84
[2025-04-08 21:46:02] INFO in routes: get_results request received by server
[2025-04-08 21:46:02] INFO in routes: get_results request completed for job_84
[2025-04-08 21:46:02] INFO in routes: state_mean_by_category request received with question Percent of adults who achieve at least 300 minutes a week of moderate-intensity aerobic physical activity or 150 minutes a week of vigorous-intensity aerobic activity (or an equivalent combination) for state Indiana
[2025-04-08 21:46:02] INFO in routes: state_mean_by_category request sent to task queue for job_85
[2025-04-08 21:46:02] INFO in routes: get_results request received by server
[2025-04-08 21:46:02] INFO in routes: get_results request still running
[2025-04-08 21:46:02] INFO in routes: get_results request received by server
[2025-04-08 21:46:02] INFO in routes: get_results request completed for job_85
[2025-04-08 21:46:02] INFO in routes: state_mean_by_category request received with question Percent of adults who achieve at least 150 minutes a week of moderate-intensity aerobic physical activity or 75 minutes a week of vigorous-intensity aerobic activity (or an equivalent combination) for state West Virginia
[2025-04-08 21:46:02] INFO in routes: state_mean_by_category request sent to task queue for job_86
[2025-04-08 21:46:02] INFO in routes: get_results request received by server
[2025-04-08 21:46:02] INFO in routes: get_results request still running
[2025-04-08 21:46:02] INFO in routes: get_results request received by server
[2025-04-08 21:46:02] INFO in routes: get_results request completed for job_86
[2025-04-08 21:46:02] INFO in routes: state_mean_by_category request received with question Percent of adults who achieve at least 300 minutes a week of moderate-intensity aerobic physical activity or 150 minutes a week of vigorous-intensity aerobic activity (or an equivalent combination) for state Michigan
[2025-04-08 21:46:02] INFO in routes: state_mean_by_category request sent to task queue for job_87
[2025-04-08 21:46:02] INFO in routes: get_results request received by server
[2025-04-08 21:46:02] INFO in routes: get_results request completed for job_87
[2025-04-08 21:46:02] INFO in routes: state_mean_by_category request received with question Percent of adults who achieve at least 300 minutes a week of moderate-intensity aerobic physical activity or 150 minutes a week of vigorous-intensity aerobic activity (or an equivalent combination) for state West Virginia
[2025-04-08 21:46:02] INFO in routes: state_mean_by_category request sent to task queue for job_88
[2025-04-08 21:46:02] INFO in routes: get_results request received by server
[2025-04-08 21:46:02] INFO in routes: get_results request completed for job_88
[2025-04-08 21:46:02] INFO in routes: state_mean_by_category request received with question Percent of adults who achieve at least 300 minutes a week of moderate-intensity aerobic physical activity or 150 minutes a week of vigorous-intensity aerobic activity (or an equivalent combination) for state Michigan
[2025-04-08 21:46:02] INFO in routes: state_mean_by_category request sent to task queue for job_89
[2025-04-08 21:46:02] INFO in routes: get_results request received by server
[2025-04-08 21:46:02] INFO in routes: get_results request completed for job_89
[2025-04-08 21:46:02] INFO in routes: state_mean_by_category request received with question Percent of adults who achieve at least 300 minutes a week of moderate-intensity aerobic physical activity or 150 minutes a week of vigorous-intensity aerobic activity (or an equivalent combination) for state Maryland
[2025-04-08 21:46:02] INFO in routes: state_mean_by_category request sent to task queue for job_90
[2025-04-08 21:46:02] INFO in routes: get_results request received by server
[2025-04-08 21:46:02] INFO in routes: get_results request completed for job_90
[2025-04-08 21:46:02] INFO in routes: state_mean_by_category request received with question Percent of adults who achieve at least 150 minutes a week of moderate-intensity aerobic physical activity or 75 minutes a week of vigorous-intensity aerobic activity (or an equivalent combination) for state Indiana
[2025-04-08 21:46:02] INFO in routes: state_mean_by_category request sent to task queue for job_91
[2025-04-08 21:46:02] INFO in routes: get_results request received by server
[2025-04-08 21:46:02] INFO in routes: get_results request completed for job_91
[2025-04-08 21:46:02] INFO in routes: state_mean_by_category request received with question Percent of adults who engage in no leisure-time physical activity for state Michigan
[2025-04-08 21:46:02] INFO in routes: state_mean_by_category request sent to task queue for job_92
[2025-04-08 21:46:03] INFO in routes: get_results request received by server
[2025-04-08 21:46:03] INFO in routes: get_results request completed for job_92
[2025-04-08 21:46:03] INFO in routes: state_mean_by_category request received with question Percent of adults who engage in no leisure-time physical activity for state West Virginia
[2025-04-08 21:46:03] INFO in routes: state_mean_by_category request sent to task queue for job_93
[2025-04-08 21:46:03] INFO in routes: get_results request received by server
[2025-04-08 21:46:03] INFO in routes: get_results request completed for job_93
[2025-04-08 21:46:03] INFO in routes: state_mean_by_category request received with question Percent of adults who achieve at least 300 minutes a week of moderate-intensity aerobic physical activity or 150 minutes a week of vigorous-intensity aerobic activity (or an equivalent combination) for state Maryland
[2025-04-08 21:46:03] INFO in routes: state_mean_by_category request sent to task queue for job_94
[2025-04-08 21:46:03] INFO in routes: get_results request received by server
[2025-04-08 21:46:03] INFO in routes: get_results request completed for job_94
[2025-04-08 21:46:03] INFO in routes: state_mean_by_category request received with question Percent of adults who achieve at least 150 minutes a week of moderate-intensity aerobic physical activity or 75 minutes a week of vigorous-intensity aerobic activity (or an equivalent combination) for state Michigan
[2025-04-08 21:46:03] INFO in routes: state_mean_by_category request sent to task queue for job_95
[2025-04-08 21:46:03] INFO in routes: get_results request received by server
[2025-04-08 21:46:03] INFO in routes: get_results request still running
[2025-04-08 21:46:03] INFO in routes: get_results request received by server
[2025-04-08 21:46:03] INFO in routes: get_results request completed for job_95
[2025-04-08 21:46:03] INFO in routes: state_mean_by_category request received with question Percent of adults who engage in no leisure-time physical activity for state Maryland
[2025-04-08 21:46:03] INFO in routes: state_mean_by_category request sent to task queue for job_96
[2025-04-08 21:46:03] INFO in routes: get_results request received by server
[2025-04-08 21:46:03] INFO in routes: get_results request completed for job_96
[2025-04-08 21:46:03] INFO in routes: states_mean request received with question Percent of adults who achieve at least 150 minutes a week of moderate-intensity aerobic physical activity or 75 minutes a week of vigorous-intensity aerobic physical activity and engage in muscle-strengthening activities on 2 or more days a week
[2025-04-08 21:46:03] INFO in routes: states_mean request sent to task queue for job_97
[2025-04-08 21:46:03] INFO in routes: get_results request received by server
[2025-04-08 21:46:03] INFO in routes: get_results request still running
[2025-04-08 21:46:03] INFO in routes: get_results request received by server
[2025-04-08 21:46:03] INFO in routes: get_results request completed for job_97
[2025-04-08 21:46:03] INFO in routes: states_mean request received with question Percent of adults aged 18 years and older who have obesity
[2025-04-08 21:46:03] INFO in routes: states_mean request sent to task queue for job_98
[2025-04-08 21:46:03] INFO in routes: get_results request received by server
[2025-04-08 21:46:03] INFO in routes: get_results request still running
[2025-04-08 21:46:03] INFO in routes: get_results request received by server
[2025-04-08 21:46:03] INFO in routes: get_results request still running
[2025-04-08 21:46:04] INFO in routes: get_results request received by server
[2025-04-08 21:46:04] INFO in routes: get_results request completed for job_98
[2025-04-08 21:46:04] INFO in routes: states_mean request received with question Percent of adults who report consuming vegetables less than one time daily
[2025-04-08 21:46:04] INFO in routes: states_mean request sent to task queue for job_99
[2025-04-08 21:46:04] INFO in routes: get_results request received by server
[2025-04-08 21:46:04] INFO in routes: get_results request still running
[2025-04-08 21:46:04] INFO in routes: get_results request received by server
[2025-04-08 21:46:04] INFO in routes: get_results request completed for job_99
[2025-04-08 21:46:04] INFO in routes: states_mean request received with question Percent of adults who report consuming fruit less than one time daily
[2025-04-08 21:46:04] INFO in routes: states_mean request sent to task queue for job_100
[2025-04-08 21:46:04] INFO in routes: get_results request received by server
[2025-04-08 21:46:04] INFO in routes: get_results request still running
[2025-04-08 21:46:04] INFO in routes: get_results request received by server
[2025-04-08 21:46:04] INFO in routes: get_results request completed for job_100
[2025-04-08 21:46:04] INFO in routes: states_mean request received with question Percent of adults who achieve at least 150 minutes a week of moderate-intensity aerobic physical activity or 75 minutes a week of vigorous-intensity aerobic activity (or an equivalent combination)
[2025-04-08 21:46:04] INFO in routes: states_mean request sent to task queue for job_101
[2025-04-08 21:46:04] INFO in routes: get_results request received by server
[2025-04-08 21:46:04] INFO in routes: get_results request still running
[2025-04-08 21:46:04] INFO in routes: get_results request received by server
[2025-04-08 21:46:04] INFO in routes: get_results request completed for job_101
[2025-04-08 21:46:04] INFO in routes: states_mean request received with question Percent of adults who engage in muscle-strengthening activities on 2 or more days a week
[2025-04-08 21:46:04] INFO in routes: states_mean request sent to task queue for job_102
[2025-04-08 21:46:04] INFO in routes: get_results request received by server
[2025-04-08 21:46:04] INFO in routes: get_results request still running
[2025-04-08 21:46:05] INFO in routes: get_results request received by server
[2025-04-08 21:46:05] INFO in routes: get_results request completed for job_102
[2025-04-08 21:46:05] INFO in routes: states_mean request received with question Percent of adults who engage in no leisure-time physical activity
[2025-04-08 21:46:05] INFO in routes: states_mean request sent to task queue for job_103
[2025-04-08 21:46:05] INFO in routes: get_results request received by server
[2025-04-08 21:46:05] INFO in routes: get_results request still running
[2025-04-08 21:46:05] INFO in routes: get_results request received by server
[2025-04-08 21:46:05] INFO in routes: get_results request still running
[2025-04-08 21:46:05] INFO in routes: get_results request received by server
[2025-04-08 21:46:05] INFO in routes: get_results request completed for job_103
[2025-04-08 21:46:05] INFO in routes: states_mean request received with question Percent of adults who achieve at least 300 minutes a week of moderate-intensity aerobic physical activity or 150 minutes a week of vigorous-intensity aerobic activity (or an equivalent combination)
[2025-04-08 21:46:05] INFO in routes: states_mean request sent to task queue for job_104
[2025-04-08 21:46:05] INFO in routes: get_results request received by server
[2025-04-08 21:46:05] INFO in routes: get_results request still running
[2025-04-08 21:46:05] INFO in routes: get_results request received by server
[2025-04-08 21:46:05] INFO in routes: get_results request completed for job_104
[2025-04-08 21:46:06] INFO in routes: states_mean request received with question Percent of adults aged 18 years and older who have an overweight classification
[2025-04-08 21:46:06] INFO in routes: states_mean request sent to task queue for job_105
[2025-04-08 21:46:06] INFO in routes: get_results request received by server
[2025-04-08 21:46:06] INFO in routes: get_results request still running
[2025-04-08 21:46:06] INFO in routes: get_results request received by server
[2025-04-08 21:46:06] INFO in routes: get_results request still running
[2025-04-08 21:46:06] INFO in routes: get_results request received by server
[2025-04-08 21:46:06] INFO in routes: get_results request completed for job_105
[2025-04-08 21:46:06] INFO in routes: worst5 request received with question Percent of adults who achieve at least 150 minutes a week of moderate-intensity aerobic physical activity or 75 minutes a week of vigorous-intensity aerobic physical activity and engage in muscle-strengthening activities on 2 or more days a week
[2025-04-08 21:46:06] INFO in routes: worst5 request sent to task queue for job_106
[2025-04-08 21:46:06] INFO in routes: get_results request received by server
[2025-04-08 21:46:06] INFO in routes: get_results request still running
[2025-04-08 21:46:06] INFO in routes: get_results request received by server
[2025-04-08 21:46:06] INFO in routes: get_results request completed for job_106
[2025-04-08 21:46:06] INFO in routes: worst5 request received with question Percent of adults aged 18 years and older who have obesity
[2025-04-08 21:46:06] INFO in routes: worst5 request sent to task queue for job_107
[2025-04-08 21:46:06] INFO in routes: get_results request received by server
[2025-04-08 21:46:06] INFO in routes: get_results request still running
[2025-04-08 21:46:07] INFO in routes: get_results request received by server
[2025-04-08 21:46:07] INFO in routes: get_results request still running
[2025-04-08 21:46:07] INFO in routes: get_results request received by server
[2025-04-08 21:46:07] INFO in routes: get_results request completed for job_107
[2025-04-08 21:46:07] INFO in routes: worst5 request received with question Percent of adults who report consuming vegetables less than one time daily
[2025-04-08 21:46:07] INFO in routes: worst5 request sent to task queue for job_108
[2025-04-08 21:46:07] INFO in routes: get_results request received by server
[2025-04-08 21:46:07] INFO in routes: get_results request still running
[2025-04-08 21:46:07] INFO in routes: get_results request received by server
[2025-04-08 21:46:07] INFO in routes: get_results request completed for job_108
[2025-04-08 21:46:07] INFO in routes: worst5 request received with question Percent of adults who report consuming fruit less than one time daily
[2025-04-08 21:46:07] INFO in routes: worst5 request sent to task queue for job_109
[2025-04-08 21:46:07] INFO in routes: get_results request received by server
[2025-04-08 21:46:07] INFO in routes: get_results request still running
[2025-04-08 21:46:07] INFO in routes: get_results request received by server
[2025-04-08 21:46:07] INFO in routes: get_results request completed for job_109
[2025-04-08 21:46:07] INFO in routes: worst5 request received with question Percent of adults who achieve at least 150 minutes a week of moderate-intensity aerobic physical activity or 75 minutes a week of vigorous-intensity aerobic activity (or an equivalent combination)
[2025-04-08 21:46:07] INFO in routes: worst5 request sent to task queue for job_110
[2025-04-08 21:46:07] INFO in routes: get_results request received by server
[2025-04-08 21:46:07] INFO in routes: get_results request still running
[2025-04-08 21:46:08] INFO in routes: get_results request received by server
[2025-04-08 21:46:08] INFO in routes: get_results request completed for job_110
[2025-04-08 21:46:08] INFO in routes: worst5 request received with question Percent of adults who engage in muscle-strengthening activities on 2 or more days a week
[2025-04-08 21:46:08] INFO in routes: worst5 request sent to task queue for job_111
[2025-04-08 21:46:08] INFO in routes: get_results request received by server
[2025-04-08 21:46:08] INFO in routes: get_results request still running
[2025-04-08 21:46:08] INFO in routes: get_results request received by server
[2025-04-08 21:46:08] INFO in routes: get_results request completed for job_111
[2025-04-08 21:46:08] INFO in routes: worst5 request received with question Percent of adults who engage in no leisure-time physical activity
[2025-04-08 21:46:08] INFO in routes: worst5 request sent to task queue for job_112
[2025-04-08 21:46:08] INFO in routes: get_results request received by server
[2025-04-08 21:46:08] INFO in routes: get_results request still running
[2025-04-08 21:46:08] INFO in routes: get_results request received by server
[2025-04-08 21:46:08] INFO in routes: get_results request still running
[2025-04-08 21:46:08] INFO in routes: get_results request received by server
[2025-04-08 21:46:08] INFO in routes: get_results request completed for job_112
[2025-04-08 21:46:08] INFO in routes: worst5 request received with question Percent of adults who achieve at least 300 minutes a week of moderate-intensity aerobic physical activity or 150 minutes a week of vigorous-intensity aerobic activity (or an equivalent combination)
[2025-04-08 21:46:08] INFO in routes: worst5 request sent to task queue for job_113
[2025-04-08 21:46:08] INFO in routes: get_results request received by server
[2025-04-08 21:46:08] INFO in routes: get_results request still running
[2025-04-08 21:46:09] INFO in routes: get_results request received by server
[2025-04-08 21:46:09] INFO in routes: get_results request completed for job_113
[2025-04-08 21:46:09] INFO in routes: worst5 request received with question Percent of adults aged 18 years and older who have an overweight classification
[2025-04-08 21:46:09] INFO in routes: worst5 request sent to task queue for job_114
[2025-04-08 21:46:09] INFO in routes: get_results request received by server
[2025-04-08 21:46:09] INFO in routes: get_results request still running
[2025-04-08 21:46:09] INFO in routes: get_results request received by server
[2025-04-08 21:46:09] INFO in routes: get_results request still running
[2025-04-08 21:46:09] INFO in routes: get_results request received by server
[2025-04-08 21:46:09] INFO in routes: get_results request completed for job_114
